Removed Pin From Net: NetName=USART1_TX Pin=D3-11
Removed Pin From Net: NetName=USART1_RX Pin=D3-12
Change Component Comment : Designator=X6 Old Comment=#NAME? New Comment=
Change Component Comment : Designator=X7 Old Comment=#NAME? New Comment=
Change Component Designator: OldDesignator=C4 NewDesignator=C5
Change Component Designator: OldDesignator=C5 NewDesignator=C6
Change Component Designator: OldDesignator=C6 NewDesignator=C7
Change Component Designator: OldDesignator=C7 NewDesignator=C8
Change Component Designator: OldDesignator=C8 NewDesignator=C10
Change Component Designator: OldDesignator=C10 NewDesignator=C11
Change Component Designator: OldDesignator=C11 NewDesignator=C12
Change Component Designator: OldDesignator=C12 NewDesignator=C13
Change Component Designator: OldDesignator=C13 NewDesignator=C14
Change Component Designator: OldDesignator=C14 NewDesignator=C15
Change Component Designator: OldDesignator=C15 NewDesignator=C16
Change Component Designator: OldDesignator=C16 NewDesignator=C17
Change Component Designator: OldDesignator=C17 NewDesignator=C18
Change Component Designator: OldDesignator=C18 NewDesignator=C19
Change Component Designator: OldDesignator=C19 NewDesignator=C20
Change Component Designator: OldDesignator=C20 NewDesignator=C21
Change Component Designator: OldDesignator=C21 NewDesignator=C22
Change Component Designator: OldDesignator=C22 NewDesignator=C23
Change Component Designator: OldDesignator=C23 NewDesignator=C24
Change Component Designator: OldDesignator=D4 NewDesignator=D5
Change Component Designator: OldDesignator=D5 NewDesignator=D8
Change Component Designator: OldDesignator=D6 NewDesignator=D9
Change Component Designator: OldDesignator=D7 NewDesignator=D14
Change Component Designator: OldDesignator=D8 NewDesignator=D13
Change Component Designator: OldDesignator=D9 NewDesignator=D12
Change Component Designator: OldDesignator=D10 NewDesignator=D11
Change Component Designator: OldDesignator=R1 NewDesignator=R3
Change Component Designator: OldDesignator=R2 NewDesignator=R4
Change Component Designator: OldDesignator=R3 NewDesignator=R6
Change Component Designator: OldDesignator=R4 NewDesignator=R7
Change Component Designator: OldDesignator=R6 NewDesignator=R8
Change Component Designator: OldDesignator=R7 NewDesignator=R9
Change Component Designator: OldDesignator=R8 NewDesignator=R10
Change Component Designator: OldDesignator=R9 NewDesignator=R11
Change Component Designator: OldDesignator=R10 NewDesignator=R12
Change Component Designator: OldDesignator=R11 NewDesignator=R13
Change Component Designator: OldDesignator=R12 NewDesignator=R16
Change Component Designator: OldDesignator=R13 NewDesignator=R17
Change Component Designator: OldDesignator=R14 NewDesignator=R18
Change Component Designator: OldDesignator=R15 NewDesignator=R19
Change Component Designator: OldDesignator=R16 NewDesignator=R2
Change Component Designator: OldDesignator=R17 NewDesignator=R1
Change Component Designator: OldDesignator=X2 NewDesignator=X3
Change Component Designator: OldDesignator=X3 NewDesignator=X4
Change Component Designator: OldDesignator=X4 NewDesignator=X5
Change Component Designator: OldDesignator=X5 NewDesignator=X6
Change Component Designator: OldDesignator=X6 NewDesignator=X7
Change Component Designator: OldDesignator=X7 NewDesignator=X8
Added Component: Designator=C4(CAP0805-125)
Add component (AddParameter): Name = "Cost"; Value = "7"; VariantName = "[No Variations]"
Add component (AddParameter): Name = "Value"; Value = "GRM21BR71E105KA99L (0805 X7R 1 ìêÔ ±10% 25 Â)"; VariantName = "[No Variations]"
Add component (AddParameter): Name = "Visible"; Value = "0,1 ìê"; VariantName = "[No Variations]"
Added Component: Designator=C25(CAP0805-125)
Add component (AddParameter): Name = "Cost"; Value = "7"; VariantName = "[No Variations]"
Add component (AddParameter): Name = "Value"; Value = "GRM21BR71E105KA99L (0805 X7R 1 ìêÔ ±10% 25 Â)"; VariantName = "[No Variations]"
Add component (AddParameter): Name = "Visible"; Value = "0,1 ìê"; VariantName = "[No Variations]"
Added Component: Designator=D4(SOIC8N_L)
Add component (AddParameter): Name = "Value"; Value = "ST485ECDR"; VariantName = "[No Variations]"
Added Component: Designator=D6(SOT23-6)
Add component (AddParameter): Name = "Value"; Value = "SN74LVC1G3157DBVR"; VariantName = "[No Variations]"
Added Component: Designator=D7(SOT23-6)
Add component (AddParameter): Name = "Value"; Value = "SN74LVC1G3157DBVR"; VariantName = "[No Variations]"
Added Component: Designator=D10(SOIC8N_L)
Add component (AddParameter): Name = "Value"; Value = "MCP2551-I/SN"; VariantName = "[No Variations]"
Added Component: Designator=R14(RES0805-050)
Add component (AddParameter): Name = "Cost"; Value = "0.9"; VariantName = "[No Variations]"
Add component (AddParameter): Name = "Value"; Value = "RC0805FR-0710KL (0805 10 êÎì ±1%)"; VariantName = "[No Variations]"
Add component (AddParameter): Name = "Visible"; Value = "10 ê"; VariantName = "[No Variations]"
Added Component: Designator=R15(RES0805-050)
Add component (AddParameter): Name = "Cost"; Value = "0.9"; VariantName = "[No Variations]"
Add component (AddParameter): Name = "Value"; Value = "RC0805FR-0727KL (0805 27 êÎì ±1%)"; VariantName = "[No Variations]"
Add component (AddParameter): Name = "Visible"; Value = "27k"; VariantName = "[No Variations]"
Added Component: Designator=X2(WF-05)
Add component (AddParameter): Name = "Cost"; Value = "6"; VariantName = "[No Variations]"
Add component (AddParameter): Name = "Value"; Value = "DS1070-5MVV6 (WF-05)"; VariantName = "[No Variations]"
Add component (AddParameter): Name = "Visible"; Value = ""; VariantName = "[No Variations]"
Added Pin To Net: NetName=GND Pin=C4-1
Added Pin To Net: NetName=5,0 Pin=C4-2
Added Pin To Net: NetName=GND Pin=C25-1
Added Pin To Net: NetName=5,0 Pin=C25-2
Added Pin To Net: NetName=5,0 Pin=D4-8
Added Pin To Net: NetName=USART1_RX Pin=D6-4
Added Pin To Net: NetName=3,3 Pin=D6-5
Added Pin To Net: NetName=USART1_TX Pin=D7-4
Added Pin To Net: NetName=3,3 Pin=D7-5
Added Pin To Net: NetName=5,0 Pin=D10-3
Added Pin To Net: NetName=3,3 Pin=R14-2
Added Pin To Net: NetName=GND Pin=X2-1
Change Net Name : Old Net Name=NetC7_1 New Net Name=NetC8_1
Change Net Name : Old Net Name=NetC7_2 New Net Name=NetC8_2
Change Net Name : Old Net Name=NetC8_1 New Net Name=NetC10_1
Change Net Name : Old Net Name=NetC8_2 New Net Name=NetC10_2
Change Net Name : Old Net Name=NetC12_1 New Net Name=NetC13_1
Change Net Name : Old Net Name=NetD7_12 New Net Name=NetD14_12
Change Net Name : Old Net Name=NetD9_17 New Net Name=NetD12_17
Change Net Name : Old Net Name=NetR2_2 New Net Name=NetR4_2
Change Net Name : Old Net Name=NetR4_2 New Net Name=NetR7_2
Change Net Name : Old Net Name=NetR6_2 New Net Name=NetR8_2
Change Net Name : Old Net Name=NetR9_2 New Net Name=NetR11_2
Change Net Name : Old Net Name=NetR16_1 New Net Name=NetR2_1
Change Net Name : Old Net Name=NetR17_1 New Net Name=NetR1_1
Added Pin To Net: NetName=485_DE Pin=D4-3
Added Net: Name=485_DE
Added Pin To Net: NetName=485_R\E\ Pin=D4-2
Added Net: Name=485_R\E\
Added Pin To Net: NetName=CAN_H Pin=D10-7
Added Pin To Net: NetName=CAN_H Pin=X2-4
Added Net: Name=CAN_H
Added Pin To Net: NetName=CAN_L Pin=D10-6
Added Pin To Net: NetName=CAN_L Pin=X2-5
Added Net: Name=CAN_L
Added Pin To Net: NetName=CAN_RX Pin=D9-32
Added Pin To Net: NetName=CAN_RX Pin=D10-4
Added Net: Name=CAN_RX
Added Pin To Net: NetName=CAN_TX Pin=D9-33
Added Pin To Net: NetName=CAN_TX Pin=D10-1
Added Net: Name=CAN_TX
Added Pin To Net: NetName=NetD6_6 Pin=D6-6
Added Pin To Net: NetName=NetD6_6 Pin=D7-6
Added Pin To Net: NetName=NetD6_6 Pin=R14-1
Added Net: Name=NetD6_6
Added Pin To Net: NetName=NetD10_8 Pin=D10-8
Added Pin To Net: NetName=NetD10_8 Pin=R15-2
Added Net: Name=NetD10_8
Added Pin To Net: NetName=RS232_RX Pin=D3-12
Added Pin To Net: NetName=RS232_RX Pin=D6-1
Added Net: Name=RS232_RX
Added Pin To Net: NetName=RS232_TX Pin=D3-11
Added Pin To Net: NetName=RS232_TX Pin=D7-1
Added Net: Name=RS232_TX
Added Pin To Net: NetName=RS485_A Pin=D4-6
Added Pin To Net: NetName=RS485_A Pin=X2-2
Added Net: Name=RS485_A
Added Pin To Net: NetName=RS485_B Pin=D4-7
Added Pin To Net: NetName=RS485_B Pin=X2-3
Added Net: Name=RS485_B
Added Pin To Net: NetName=RS485_RX Pin=D4-1
Added Pin To Net: NetName=RS485_RX Pin=D6-3
Added Net: Name=RS485_RX
Added Pin To Net: NetName=RS485_TX Pin=D4-4
Added Pin To Net: NetName=RS485_TX Pin=D7-3
Added Net: Name=RS485_TX
